#
# There is insufficient memory for the Java Runtime Environment to continue.
# Native memory allocation (malloc) failed to allocate 32744 bytes for ChunkPool::allocate
# Possible reasons:
#   The system is out of physical RAM or swap space
#   In 32 bit mode, the process size limit was hit
# Possible solutions:
#   Reduce memory load on the system
#   Increase physical memory or swap space
#   Check if swap backing store is full
#   Use 64 bit Java on a 64 bit OS
#   Decrease Java heap size (-Xmx/-Xms)
#   Decrease number of Java threads
#   Decrease Java thread stack sizes (-Xss)
#   Set larger code cache with -XX:ReservedCodeCacheSize=
# This output file may be truncated or incomplete.
#
#  Out of Memory Error (allocation.cpp:273), pid=5832, tid=0x0000000000000a6c
#
# JRE version: Java(TM) SE Runtime Environment (8.0_131-b11) (build 1.8.0_131-b11)
# Java VM: Java HotSpot(TM) 64-Bit Server VM (25.131-b11 mixed mode windows-amd64 compressed oops)
# Failed to write core dump. Minidumps are not enabled by default on client versions of Windows
#

---------------  T H R E A D  ---------------

Current thread (0x0000000017034800):  JavaThread "C2 CompilerThread0" daemon [_thread_in_native, id=2668, stack(0x0000000018680000,0x0000000018780000)]

Stack: [0x0000000018680000,0x0000000018780000]
[error occurred during error reporting (printing stack bounds), id 0xc0000005]

Native frames: (J=compiled Java code, j=interpreted, Vv=VM code, C=native code)


Current CompileTask:
C2: 154580 4518   !   4       org.eclipse.jetty.util.resource.JarFileResource::listEntries (275 bytes)


---------------  P R O C E S S  ---------------

Java Threads: ( => current thread )
  0x0000000024e1f000 JavaThread "qtp213850519-97" [_thread_blocked, id=13776, stack(0x000000002e310000,0x000000002e410000)]
  0x0000000024e1e800 JavaThread "qtp213850519-96" [_thread_blocked, id=9516, stack(0x000000002e210000,0x000000002e310000)]
  0x0000000024e1a000 JavaThread "qtp213850519-95" [_thread_blocked, id=2184, stack(0x000000002e110000,0x000000002e210000)]
  0x0000000024e1c000 JavaThread "qtp213850519-94" [_thread_blocked, id=14032, stack(0x000000002e010000,0x000000002e110000)]
  0x0000000024e1d800 JavaThread "qtp213850519-93" [_thread_blocked, id=9084, stack(0x000000002df10000,0x000000002e010000)]
  0x0000000024e1b800 JavaThread "qtp213850519-92" [_thread_blocked, id=6268, stack(0x000000002de10000,0x000000002df10000)]
  0x0000000024e1a800 JavaThread "qtp213850519-91" [_thread_blocked, id=7440, stack(0x000000002dd10000,0x000000002de10000)]
  0x0000000024e19000 JavaThread "qtp213850519-90" [_thread_blocked, id=6732, stack(0x000000002dc10000,0x000000002dd10000)]
  0x000000001b98c800 JavaThread "SeedGenerator Thread" daemon [_thread_blocked, id=6000, stack(0x0000000026690000,0x0000000026790000)]
  0x000000001708d800 JavaThread "Service Thread" daemon [_thread_blocked, id=3564, stack(0x0000000018d80000,0x0000000018e80000)]
  0x000000001703c800 JavaThread "C1 CompilerThread2" daemon [_thread_blocked, id=2480, stack(0x0000000018880000,0x0000000018980000)]
  0x0000000017037800 JavaThread "C2 CompilerThread1" daemon [_thread_blocked, id=1016, stack(0x0000000018780000,0x0000000018880000)]
=>0x0000000017034800 JavaThread "C2 CompilerThread0" daemon [_thread_in_native, id=2668, stack(0x0000000018680000,0x0000000018780000)]
  0x0000000017033000 JavaThread "Attach Listener" daemon [_thread_blocked, id=1928, stack(0x0000000018580000,0x0000000018680000)]
  0x0000000017031800 JavaThread "Signal Dispatcher" daemon [_thread_blocked, id=15056, stack(0x0000000018480000,0x0000000018580000)]
  0x000000001701c000 JavaThread "Finalizer" daemon [_thread_blocked, id=1036, stack(0x0000000018280000,0x0000000018380000)]
  0x0000000016ff8800 JavaThread "Reference Handler" daemon [_thread_blocked, id=14080, stack(0x0000000018180000,0x0000000018280000)]
  0x00000000023c4800 JavaThread "main" [_thread_in_native, id=9944, stack(0x00000000022c0000,0x00000000023c0000)]

Other Threads:
  0x0000000016ff7000 VMThread [stack: 0x0000000018080000,0x0000000018180000] [id=14548]
  0x00000000189d4000 WatcherThread [stack: 0x0000000018e80000,0x0000000018f80000] [id=12456]

VM state:not at safepoint (normal execution)

VM Mutex/Monitor currently owned by a thread: None

Heap:
 PSYoungGen      total 262144K, used 77465K [0x00000000d5c00000, 0x00000000e8480000, 0x0000000100000000)
  eden space 231936K, 33% used [0x00000000d5c00000,0x00000000da7a6650,0x00000000e3e80000)
  from space 30208K, 0% used [0x00000000e6700000,0x00000000e6700000,0x00000000e8480000)
  to   space 26112K, 0% used [0x00000000e4d80000,0x00000000e4d80000,0x00000000e6700000)
 ParOldGen       total 142336K, used 45763K [0x0000000081400000, 0x0000000089f00000, 0x00000000d5c00000)
  object space 142336K, 32% used [0x0000000081400000,0x00000000840b0ca0,0x0000000089f00000)
 Metaspace       used 40254K, capacity 41084K, committed 41344K, reserved 1087488K
  class space    used 5135K, capacity 5448K, committed 5504K, reserved 1048576K

Card table byte_map: [0x0000000011880000,0x0000000011c80000] byte_map_base: 0x0000000011476000

Marking Bits: (ParMarkBitMap*) 0x0000000062a7c720
 Begin Bits: [0x0000000012330000, 0x00000000142e0000)
 End Bits:   [0x00000000142e0000, 0x0000000016290000)

Polling page: 0x0000000000890000

CodeCache: size=245760Kb used=15391Kb max_used=15402Kb free=230368Kb
 bounds [0x00000000024c0000, 0x00000000033e0000, 0x00000000114c0000]
 total_blobs=4594 nmethods=3914 adapters=592
 compilation: enabled

Compilation events (10 events):
Event: 154.440 Thread 0x000000001703c800 nmethod 4515 0x00000000033d8950 code [0x00000000033d8b00, 0x00000000033d9018]
Event: 154.440 Thread 0x000000001703c800 4516       3       java.net.URLClassLoader$2::<init> (15 bytes)
Event: 154.441 Thread 0x000000001703c800 nmethod 4516 0x00000000033d8590 code [0x00000000033d86e0, 0x00000000033d88b0]
Event: 154.458 Thread 0x000000001703c800 4517       3       org.eclipse.jetty.util.AttributesMap::getAttribute (21 bytes)
Event: 154.459 Thread 0x000000001703c800 nmethod 4517 0x00000000033d7e10 code [0x00000000033d7fa0, 0x00000000033d8428]
Event: 154.479 Thread 0x0000000017034800 4518   !   4       org.eclipse.jetty.util.resource.JarFileResource::listEntries (275 bytes)
Event: 154.509 Thread 0x000000001703c800 4519       1       java.nio.DirectLongBufferU::ix (10 bytes)
Event: 154.509 Thread 0x000000001703c800 nmethod 4519 0x00000000033d7b50 code [0x00000000033d7ca0, 0x00000000033d7db0]
Event: 154.539 Thread 0x0000000017037800 4520       4       sun.net.www.protocol.jar.JarURLConnection::getJarFile (9 bytes)
Event: 154.540 Thread 0x0000000017037800 nmethod 4520 0x0000000002cd7810 code [0x0000000002cd7960, 0x0000000002cd79e8]

GC Heap History (10 events):
Event: 17.995 GC heap before
{Heap before GC invocations=9 (full 1):
 PSYoungGen      total 154112K, used 128000K [0x00000000d5c00000, 0x00000000e8800000, 0x0000000100000000)
  eden space 128000K, 100% used [0x00000000d5c00000,0x00000000dd900000,0x00000000dd900000)
  from space 26112K, 0% used [0x00000000dd900000,0x00000000dd900000,0x00000000df280000)
  to   space 25600K, 0% used [0x00000000e6f00000,0x00000000e6f00000,0x00000000e8800000)
 ParOldGen       total 101376K, used 37248K [0x0000000081400000, 0x0000000087700000, 0x00000000d5c00000)
  object space 101376K, 36% used [0x0000000081400000,0x00000000838601b8,0x0000000087700000)
 Metaspace       used 29444K, capacity 30226K, committed 30592K, reserved 1075200K
  class space    used 3611K, capacity 3847K, committed 3968K, reserved 1048576K
Event: 18.030 GC heap after
Heap after GC invocations=9 (full 1):
 PSYoungGen      total 204288K, used 17651K [0x00000000d5c00000, 0x00000000e8080000, 0x0000000100000000)
  eden space 186368K, 0% used [0x00000000d5c00000,0x00000000d5c00000,0x00000000e1200000)
  from space 17920K, 98% used [0x00000000e6f00000,0x00000000e803cf18,0x00000000e8080000)
  to   space 26112K, 0% used [0x00000000e4d80000,0x00000000e4d80000,0x00000000e6700000)
 ParOldGen       total 101376K, used 37256K [0x0000000081400000, 0x0000000087700000, 0x00000000d5c00000)
  object space 101376K, 36% used [0x0000000081400000,0x00000000838621b8,0x0000000087700000)
 Metaspace       used 29444K, capacity 30226K, committed 30592K, reserved 1075200K
  class space    used 3611K, capacity 3847K, committed 3968K, reserved 1048576K
}
Event: 25.815 GC heap before
{Heap before GC invocations=10 (full 1):
 PSYoungGen      total 204288K, used 182380K [0x00000000d5c00000, 0x00000000e8080000, 0x0000000100000000)
  eden space 186368K, 88% used [0x00000000d5c00000,0x00000000dfcde1d0,0x00000000e1200000)
  from space 17920K, 98% used [0x00000000e6f00000,0x00000000e803cf18,0x00000000e8080000)
  to   space 26112K, 0% used [0x00000000e4d80000,0x00000000e4d80000,0x00000000e6700000)
 ParOldGen       total 101376K, used 37256K [0x0000000081400000, 0x0000000087700000, 0x00000000d5c00000)
  object space 101376K, 36% used [0x0000000081400000,0x00000000838621b8,0x0000000087700000)
 Metaspace       used 34508K, capacity 35266K, committed 35456K, reserved 1079296K
  class space    used 4325K, capacity 4629K, committed 4736K, reserved 1048576K
Event: 25.866 GC heap after
Heap after GC invocations=10 (full 1):
 PSYoungGen      total 258048K, used 26096K [0x00000000d5c00000, 0x00000000e8480000, 0x0000000100000000)
  eden space 231936K, 0% used [0x00000000d5c00000,0x00000000d5c00000,0x00000000e3e80000)
  from space 26112K, 99% used [0x00000000e4d80000,0x00000000e66fc028,0x00000000e6700000)
  to   space 30208K, 0% used [0x00000000e6700000,0x00000000e6700000,0x00000000e8480000)
 ParOldGen       total 101376K, used 51985K [0x0000000081400000, 0x0000000087700000, 0x00000000d5c00000)
  object space 101376K, 51% used [0x0000000081400000,0x00000000846c4658,0x0000000087700000)
 Metaspace       used 34508K, capacity 35266K, committed 35456K, reserved 1079296K
  class space    used 4325K, capacity 4629K, committed 4736K, reserved 1048576K
}
Event: 25.866 GC heap before
{Heap before GC invocations=11 (full 2):
 PSYoungGen      total 258048K, used 26096K [0x00000000d5c00000, 0x00000000e8480000, 0x0000000100000000)
  eden space 231936K, 0% used [0x00000000d5c00000,0x00000000d5c00000,0x00000000e3e80000)
  from space 26112K, 99% used [0x00000000e4d80000,0x00000000e66fc028,0x00000000e6700000)
  to   space 30208K, 0% used [0x00000000e6700000,0x00000000e6700000,0x00000000e8480000)
 ParOldGen       total 101376K, used 51985K [0x0000000081400000, 0x0000000087700000, 0x00000000d5c00000)
  object space 101376K, 51% used [0x0000000081400000,0x00000000846c4658,0x0000000087700000)
 Metaspace       used 34508K, capacity 35266K, committed 35456K, reserved 1079296K
  class space    used 4325K, capacity 4629K, committed 4736K, reserved 1048576K
Event: 26.047 GC heap after
Heap after GC invocations=11 (full 2):
 PSYoungGen      total 258048K, used 0K [0x00000000d5c00000, 0x00000000e8480000, 0x0000000100000000)
  eden space 231936K, 0% used [0x00000000d5c00000,0x00000000d5c00000,0x00000000e3e80000)
  from space 26112K, 0% used [0x00000000e4d80000,0x00000000e4d80000,0x00000000e6700000)
  to   space 30208K, 0% used [0x00000000e6700000,0x00000000e6700000,0x00000000e8480000)
 ParOldGen       total 142336K, used 50856K [0x0000000081400000, 0x0000000089f00000, 0x00000000d5c00000)
  object space 142336K, 35% used [0x0000000081400000,0x00000000845aa398,0x0000000089f00000)
 Metaspace       used 34508K, capacity 35266K, committed 35456K, reserved 1079296K
  class space    used 4325K, capacity 4629K, committed 4736K, reserved 1048576K
}
Event: 142.393 GC heap before
{Heap before GC invocations=12 (full 2):
 PSYoungGen      total 258048K, used 136463K [0x00000000d5c00000, 0x00000000e8480000, 0x0000000100000000)
  eden space 231936K, 58% used [0x00000000d5c00000,0x00000000de143c20,0x00000000e3e80000)
  from space 26112K, 0% used [0x00000000e4d80000,0x00000000e4d80000,0x00000000e6700000)
  to   space 30208K, 0% used [0x00000000e6700000,0x00000000e6700000,0x00000000e8480000)
 ParOldGen       total 142336K, used 50856K [0x0000000081400000, 0x0000000089f00000, 0x00000000d5c00000)
  object space 142336K, 35% used [0x0000000081400000,0x00000000845aa398,0x0000000089f00000)
 Metaspace       used 35329K, capacity 36156K, committed 36224K, reserved 1085440K
  class space    used 4443K, capacity 4730K, committed 4736K, reserved 1048576K
Event: 142.445 GC heap after
Heap after GC invocations=12 (full 2):
 PSYoungGen      total 262144K, used 30203K [0x00000000d5c00000, 0x00000000e8480000, 0x0000000100000000)
  eden space 231936K, 0% used [0x00000000d5c00000,0x00000000d5c00000,0x00000000e3e80000)
  from space 30208K, 99% used [0x00000000e6700000,0x00000000e847ec70,0x00000000e8480000)
  to   space 26112K, 0% used [0x00000000e4d80000,0x00000000e4d80000,0x00000000e6700000)
 ParOldGen       total 142336K, used 51256K [0x0000000081400000, 0x0000000089f00000, 0x00000000d5c00000)
  object space 142336K, 36% used [0x0000000081400000,0x000000008460e2c0,0x0000000089f00000)
 Metaspace       used 35329K, capacity 36156K, committed 36224K, reserved 1085440K
  class space    used 4443K, capacity 4730K, committed 4736K, reserved 1048576K
}
Event: 142.445 GC heap before
{Heap before GC invocations=13 (full 3):
 PSYoungGen      total 262144K, used 30203K [0x00000000d5c00000, 0x00000000e8480000, 0x0000000100000000)
  eden space 231936K, 0% used [0x00000000d5c00000,0x00000000d5c00000,0x00000000e3e80000)
  from space 30208K, 99% used [0x00000000e6700000,0x00000000e847ec70,0x00000000e8480000)
  to   space 26112K, 0% used [0x00000000e4d80000,0x00000000e4d80000,0x00000000e6700000)
 ParOldGen       total 142336K, used 51256K [0x0000000081400000, 0x0000000089f00000, 0x00000000d5c00000)
  object space 142336K, 36% used [0x0000000081400000,0x000000008460e2c0,0x0000000089f00000)
 Metaspace       used 35329K, capacity 36156K, committed 36224K, reserved 1085440K
  class space    used 4443K, capacity 4730K, committed 4736K, reserved 1048576K
Event: 142.692 GC heap after
Heap after GC invocations=13 (full 3):
 PSYoungGen      total 262144K, used 0K [0x00000000d5c00000, 0x00000000e8480000, 0x0000000100000000)
  eden space 231936K, 0% used [0x00000000d5c00000,0x00000000d5c00000,0x00000000e3e80000)
  from space 30208K, 0% used [0x00000000e6700000,0x00000000e6700000,0x00000000e8480000)
  to   space 26112K, 0% used [0x00000000e4d80000,0x00000000e4d80000,0x00000000e6700000)
 ParOldGen       total 142336K, used 45763K [0x0000000081400000, 0x0000000089f00000, 0x00000000d5c00000)
  object space 142336K, 32% used [0x0000000081400000,0x00000000840b0ca0,0x0000000089f00000)
 Metaspace       used 35329K, capacity 36156K, committed 36224K, reserved 1083392K
  class space    used 4443K, capacity 4730K, committed 4736K, reserved 1048576K
}

Deoptimization events (10 events):
Event: 141.241 Thread 0x000000001b98b800 Uncommon trap: reason=class_check action=maybe_recompile pc=0x00000000025e8794 method=java.util.HashMap.removeNode(ILjava/lang/Object;Ljava/lang/Object;ZZ)Ljava/util/HashMap$Node; @ 68
Event: 141.252 Thread 0x00000000023c4800 Uncommon trap: reason=bimorphic action=maybe_recompile pc=0x00000000025e8640 method=java.util.HashMap.removeNode(ILjava/lang/Object;Ljava/lang/Object;ZZ)Ljava/util/HashMap$Node; @ 283
Event: 141.254 Thread 0x00000000023c4800 Uncommon trap: reason=bimorphic action=maybe_recompile pc=0x00000000025e8640 method=java.util.HashMap.removeNode(ILjava/lang/Object;Ljava/lang/Object;ZZ)Ljava/util/HashMap$Node; @ 283
Event: 141.255 Thread 0x00000000023c4800 Uncommon trap: reason=bimorphic action=maybe_recompile pc=0x00000000025e8640 method=java.util.HashMap.removeNode(ILjava/lang/Object;Ljava/lang/Object;ZZ)Ljava/util/HashMap$Node; @ 283
Event: 141.255 Thread 0x00000000023c4800 Uncommon trap: reason=bimorphic action=maybe_recompile pc=0x00000000025e8640 method=java.util.HashMap.removeNode(ILjava/lang/Object;Ljava/lang/Object;ZZ)Ljava/util/HashMap$Node; @ 283
Event: 142.230 Thread 0x000000001b98e000 Uncommon trap: reason=unstable_if action=reinterpret pc=0x0000000002c58aec method=org.eclipse.jetty.util.ConcurrentHashSet.add(Ljava/lang/Object;)Z @ 13
Event: 142.694 Thread 0x0000000016ff8800 Uncommon trap: reason=unstable_if action=reinterpret pc=0x00000000025d44f4 method=java.lang.ref.Reference.tryHandlePending(Z)Z @ 20
Event: 142.698 Thread 0x000000001701c000 Uncommon trap: reason=unstable_if action=reinterpret pc=0x000000000292794c method=java.util.WeakHashMap.remove(Ljava/lang/Object;)Ljava/lang/Object; @ 67
Event: 142.727 Thread 0x000000001b991000 Uncommon trap: reason=unstable_if action=reinterpret pc=0x00000000026c4ed4 method=java.lang.AbstractStringBuilder.append(Ljava/lang/String;)Ljava/lang/AbstractStringBuilder; @ 1
Event: 142.733 Thread 0x000000001b991000 Uncommon trap: reason=unstable_if action=reinterpret pc=0x00000000026a6df0 method=java.lang.AbstractStringBuilder.append(Ljava/lang/String;)Ljava/lang/AbstractStringBuilder; @ 1

Internal exceptions (10 events):
Event: 144.838 Thread 0x00000000023c4800 Exception <a 'java/lang/ClassCastException': org.eclipse.jetty.server.session.SessionHandler cannot be cast to groovy.lang.GroovyObject> (0x00000000d964dee8) thrown at [C:\re\workspace\8-2-build-windows-amd64-cygwin\jdk8u131\8869\hotspot\src\share\vm\inte
Event: 144.838 Thread 0x00000000023c4800 Exception <a 'java/lang/ClassCastException': org.eclipse.jetty.server.session.SessionHandler cannot be cast to groovy.lang.GroovyObject> (0x00000000d964e410) thrown at [C:\re\workspace\8-2-build-windows-amd64-cygwin\jdk8u131\8869\hotspot\src\share\vm\inte
Event: 144.859 Thread 0x00000000023c4800 Exception <a 'java/lang/ClassCastException': org.eclipse.jetty.server.handler.ContextHandlerCollection cannot be cast to groovy.lang.GroovyObject> (0x00000000d9650740) thrown at [C:\re\workspace\8-2-build-windows-amd64-cygwin\jdk8u131\8869\hotspot\src\sha
Event: 144.859 Thread 0x00000000023c4800 Exception <a 'java/lang/ClassCastException': org.eclipse.jetty.server.handler.ContextHandlerCollection cannot be cast to groovy.lang.GroovyObject> (0x00000000d9650a90) thrown at [C:\re\workspace\8-2-build-windows-amd64-cygwin\jdk8u131\8869\hotspot\src\sha
Event: 145.862 Thread 0x00000000023c4800 Exception <a 'java/net/ConnectException': Connection refused: connect> (0x00000000d9652190) thrown at [C:\re\workspace\8-2-build-windows-amd64-cygwin\jdk8u131\8869\hotspot\src\share\vm\prims\jni.cpp, line 735]
Event: 145.862 Thread 0x00000000023c4800 Exception <a 'java/lang/reflect/InvocationTargetException'> (0x00000000d9652580) thrown at [C:\re\workspace\8-2-build-windows-amd64-cygwin\jdk8u131\8869\hotspot\src\share\vm\runtime\reflection.cpp, line 1092]
Event: 154.394 Thread 0x000000001b98f000 Exception <a 'java/io/IOException'> (0x00000000d60c6a80) thrown at [C:\re\workspace\8-2-build-windows-amd64-cygwin\jdk8u131\8869\hotspot\src\share\vm\prims\jni.cpp, line 709]
Event: 154.417 Thread 0x00000000023c4800 Exception <a 'java/lang/ClassNotFoundException': sun/net/www/protocol/c/Handler> (0x00000000d96c9bf8) thrown at [C:\re\workspace\8-2-build-windows-amd64-cygwin\jdk8u131\8869\hotspot\src\share\vm\classfile\systemDictionary.cpp, line 210]
Event: 154.417 Thread 0x00000000023c4800 Implicit null exception at 0x00000000033b516a to 0x00000000033b581e
Event: 154.417 Thread 0x00000000023c4800 Exception <a 'java/lang/NullPointerException'> (0x00000000d96ce830) thrown at [C:\re\workspace\8-2-build-windows-amd64-cygwin\jdk8u131\8869\hotspot\src\share\vm\runtime\sharedRuntime.cpp, line 605]

Events (10 events):
Event: 154.422 Thread 0x00000000023c4800 DEOPT PACKING pc=0x0000000002c32053 sp=0x00000000023bcf70
Event: 154.422 Thread 0x00000000023c4800 DEOPT UNPACKING pc=0x000000000250787f sp=0x00000000023bccb0 mode 0
Event: 154.441 Thread 0x00000000023c4800 DEOPT PACKING pc=0x00000000030e74d3 sp=0x00000000023bc9c0
Event: 154.441 Thread 0x00000000023c4800 DEOPT UNPACKING pc=0x000000000250787f sp=0x00000000023bc728 mode 0
Event: 154.441 Thread 0x00000000023c4800 DEOPT PACKING pc=0x00000000030e74d3 sp=0x00000000023bc9c0
Event: 154.441 Thread 0x00000000023c4800 DEOPT UNPACKING pc=0x000000000250787f sp=0x00000000023bc728 mode 0
Event: 154.479 Thread 0x00000000023c4800 DEOPT PACKING pc=0x00000000030f3b20 sp=0x00000000023bcbe0
Event: 154.479 Thread 0x00000000023c4800 DEOPT UNPACKING pc=0x000000000250787f sp=0x00000000023bc9d0 mode 0
Event: 154.519 Thread 0x00000000023c4800 DEOPT PACKING pc=0x00000000030f3b20 sp=0x00000000023bcbe0
Event: 154.519 Thread 0x00000000023c4800 DEOPT UNPACKING pc=0x000000000250787f sp=0x00000000023bc9d0 mode 0


Dynamic libraries:
0x00007ff6a8fa0000 - 0x00007ff6a8fd7000 	C:\Program Files\Java\jdk1.8.0_131\bin\java.exe
0x00007ff8e95a0000 - 0x00007ff8e977b000 	C:\WINDOWS\SYSTEM32\ntdll.dll
0x00007ff8b6d60000 - 0x00007ff8b6d93000 	C:\Program Files\AVAST Software\Avast\x64\aswhooka.dll
0x00007ff8e9440000 - 0x00007ff8e94ee000 	C:\WINDOWS\System32\KERNEL32.DLL
0x00007ff8e5e70000 - 0x00007ff8e60b9000 	C:\WINDOWS\System32\KERNELBASE.dll
0x00007ff8e72f0000 - 0x00007ff8e7391000 	C:\WINDOWS\System32\ADVAPI32.dll
0x00007ff8e93a0000 - 0x00007ff8e943d000 	C:\WINDOWS\System32\msvcrt.dll
0x00007ff8e7570000 - 0x00007ff8e75c9000 	C:\WINDOWS\System32\sechost.dll
0x00007ff8e7cc0000 - 0x00007ff8e7de5000 	C:\WINDOWS\System32\RPCRT4.dll
0x00007ff8e7180000 - 0x00007ff8e72ca000 	C:\WINDOWS\System32\USER32.dll
0x00007ff8e6ae0000 - 0x00007ff8e6afe000 	C:\WINDOWS\System32\win32u.dll
0x00007ff8e6c50000 - 0x00007ff8e6c77000 	C:\WINDOWS\System32\GDI32.dll
0x00007ff8e5ce0000 - 0x00007ff8e5e67000 	C:\WINDOWS\System32\gdi32full.dll
0x00007ff8e67c0000 - 0x00007ff8e685a000 	C:\WINDOWS\System32\msvcp_win.dll
0x00007ff8e5b90000 - 0x00007ff8e5c86000 	C:\WINDOWS\System32\ucrtbase.dll
0x00007ff8dae70000 - 0x00007ff8db0d7000 	C:\WINDOWS\WinSxS\amd64_microsoft.windows.common-controls_6595b64144ccf1df_6.0.15063.483_none_26002d27e7c744a2\COMCTL32.dll
0x00007ff8e6c80000 - 0x00007ff8e6f79000 	C:\WINDOWS\System32\combase.dll
0x00007ff8e5b20000 - 0x00007ff8e5b8a000 	C:\WINDOWS\System32\bcryptPrimitives.dll
0x00007ff8e9230000 - 0x00007ff8e925d000 	C:\WINDOWS\System32\IMM32.DLL
0x0000000063040000 - 0x0000000063112000 	C:\Program Files\Java\jdk1.8.0_131\jre\bin\msvcr100.dll
0x0000000062260000 - 0x0000000062afc000 	C:\Program Files\Java\jdk1.8.0_131\jre\bin\server\jvm.dll
0x00007ff8e9260000 - 0x00007ff8e9268000 	C:\WINDOWS\System32\PSAPI.DLL
0x00007ff8d0a10000 - 0x00007ff8d0a19000 	C:\WINDOWS\SYSTEM32\WSOCK32.dll
0x00007ff8e7690000 - 0x00007ff8e76fc000 	C:\WINDOWS\System32\WS2_32.dll
0x00007ff8e2030000 - 0x00007ff8e2053000 	C:\WINDOWS\SYSTEM32\WINMM.dll
0x00007ff8e1220000 - 0x00007ff8e122a000 	C:\WINDOWS\SYSTEM32\VERSION.dll
0x00007ff8e1fb0000 - 0x00007ff8e1fdb000 	C:\WINDOWS\SYSTEM32\WINMMBASE.dll
0x00007ff8e5c90000 - 0x00007ff8e5cd9000 	C:\WINDOWS\System32\cfgmgr32.dll
0x0000000063030000 - 0x000000006303f000 	C:\Program Files\Java\jdk1.8.0_131\jre\bin\verify.dll
0x0000000063000000 - 0x0000000063029000 	C:\Program Files\Java\jdk1.8.0_131\jre\bin\java.dll
0x0000000062fe0000 - 0x0000000062ff6000 	C:\Program Files\Java\jdk1.8.0_131\jre\bin\zip.dll
0x00007ff8e7df0000 - 0x00007ff8e9226000 	C:\WINDOWS\System32\SHELL32.dll
0x00007ff8e94f0000 - 0x00007ff8e959a000 	C:\WINDOWS\System32\shcore.dll
0x00007ff8e60c0000 - 0x00007ff8e67b1000 	C:\WINDOWS\System32\windows.storage.dll
0x00007ff8e7c60000 - 0x00007ff8e7cb1000 	C:\WINDOWS\System32\shlwapi.dll
0x00007ff8e5a80000 - 0x00007ff8e5a91000 	C:\WINDOWS\System32\kernel.appcore.dll
0x00007ff8e5a30000 - 0x00007ff8e5a7c000 	C:\WINDOWS\System32\powrprof.dll
0x00007ff8e5a10000 - 0x00007ff8e5a25000 	C:\WINDOWS\System32\profapi.dll
0x0000000062fc0000 - 0x0000000062fda000 	C:\Program Files\Java\jdk1.8.0_131\jre\bin\net.dll
0x00007ff8e52c0000 - 0x00007ff8e531c000 	C:\WINDOWS\system32\mswsock.dll
0x00007ff8d0340000 - 0x00007ff8d0356000 	C:\WINDOWS\system32\napinsp.dll
0x00007ff8d4d50000 - 0x00007ff8d4d6a000 	C:\WINDOWS\system32\pnrpnsp.dll
0x00007ff8e38d0000 - 0x00007ff8e38e8000 	C:\WINDOWS\system32\NLAapi.dll
0x00007ff8e50b0000 - 0x00007ff8e5154000 	C:\WINDOWS\SYSTEM32\DNSAPI.dll
0x00007ff8e9390000 - 0x00007ff8e9398000 	C:\WINDOWS\System32\NSI.dll
0x00007ff8e5060000 - 0x00007ff8e5097000 	C:\WINDOWS\SYSTEM32\IPHLPAPI.DLL
0x00007ff8d3f00000 - 0x00007ff8d3f0e000 	C:\WINDOWS\System32\winrnr.dll
0x00007ff8d2d60000 - 0x00007ff8d2d6a000 	C:\Windows\System32\rasadhlp.dll
0x00007ff8daad0000 - 0x00007ff8dab3b000 	C:\WINDOWS\System32\fwpuclnt.dll
0x00007ff8e58e0000 - 0x00007ff8e5905000 	C:\WINDOWS\SYSTEM32\bcrypt.dll
0x0000000062f90000 - 0x0000000062f9d000 	C:\Program Files\Java\jdk1.8.0_131\jre\bin\management.dll
0x0000000062f60000 - 0x0000000062f84000 	C:\Program Files\Java\jdk1.8.0_131\jre\bin\sunec.dll
0x00007ff8e0f50000 - 0x00007ff8e0f66000 	C:\WINDOWS\SYSTEM32\dhcpcsvc6.DLL
0x00007ff8e1750000 - 0x00007ff8e176a000 	C:\WINDOWS\SYSTEM32\dhcpcsvc.DLL
0x0000000062fa0000 - 0x0000000062fb1000 	C:\Program Files\Java\jdk1.8.0_131\jre\bin\nio.dll
0x0000000062f50000 - 0x0000000062f5b000 	C:\Program Files\Java\jdk1.8.0_131\jre\bin\sunmscapi.dll
0x00007ff8e6910000 - 0x00007ff8e6ad9000 	C:\WINDOWS\System32\CRYPT32.dll
0x00007ff8e5aa0000 - 0x00007ff8e5ab1000 	C:\WINDOWS\System32\MSASN1.dll

VM Arguments:
jvm_args: -Djava.security.egd=file:/dev/./urandom -Dfile.encoding=windows-1252 -Duser.country=BR -Duser.language=pt -Duser.variant 
java_command: org.akhikhl.gretty.Runner --servicePort=55986 --statusPort=55987 --serverManagerFactory=org.akhikhl.gretty.ServerManagerFactory
java_class_path (initial): C:\Users\pedro\.gradle\caches\modules-2\files-2.1\org.akhikhl.gretty\gretty-runner-jetty9\2.0.0\d5765d2a96b10de69bcee02aec2486da13722e15\gretty-runner-jetty9-2.0.0.jar;C:\Users\pedro\.gradle\caches\modules-2\files-2.1\org.akhikhl.gretty\gretty-runner-jetty\2.0.0\9b827d6d50030a0e1ae757078045258e04bf53d5\gretty-runner-jetty-2.0.0.jar;C:\Users\pedro\.gradle\caches\modules-2\files-2.1\javax.servlet\javax.servlet-api\3.1.0\3cd63d075497751784b2fa84be59432f4905bf7c\javax.servlet-api-3.1.0.jar;C:\Users\pedro\.gradle\caches\modules-2\files-2.1\org.eclipse.jetty\jetty-server\9.2.22.v20170606\f7d36a5ee7e68a7bbd0f404af90b4c1269c65c1\jetty-server-9.2.22.v20170606.jar;C:\Users\pedro\.gradle\caches\modules-2\files-2.1\org.eclipse.jetty\jetty-servlet\9.2.22.v20170606\db0b1b9965a7627e376f17af311cf01c18d20a2f\jetty-servlet-9.2.22.v20170606.jar;C:\Users\pedro\.gradle\caches\modules-2\files-2.1\org.eclipse.jetty\jetty-webapp\9.2.22.v20170606\1b512e26860e651567a35abd12cfa3772bc61902\jetty-webapp-9.2.22.v20170606.jar;C:\Users\pedro\.gradle\caches\modules-2\files-2.1\org.eclipse.jetty\jetty-security\9.2.22.v20170606\489ec37fcbe2e7ed5d36f010cdc197c42e1181\jetty-security-9.2.22.v20170606.jar;C:\Users\pedro\.gradle\caches\modules-2\files-2.1\org.eclipse.jetty\jetty-jsp\9.2.22.v20170606\a906c7384eeaf0f33bf526a3143bc83c6b15a349\jetty-jsp-9.2.22.v20170606.jar;C:\Users\pedro\.gradle\caches\modules-2\files-2.1\org.eclipse.jetty\jetty-annotations\9.2.22.v20170606\11f0e1247e3e15bb0ddd76cf7ba401898b4122f2\jetty-annotations-9.2.22.v20170606.jar;C:\Users\pedro\.gradle\caches\modules-2\files-2.1\org.eclipse.jetty\jetty-plus\9.2.22.v20170606\405532505073be1c3a939c472b3437ffbba1d004\jetty-plus-9.2.22.v20170606.jar;C:\Users\pedro\.gradle\caches\modules-2\files-2.1\org.eclipse.jetty.websocket\javax-websocket-server-impl\9.2.22.v20170606\585c9c98840de232567001b0b942b86d7fb03b7d\javax-websocket-server-impl-9.2.22.v20170606.jar;C:\Users\pedro\.gradle\caches\modules-2\files-2.1\org
Launcher Type: SUN_STANDARD

Environment Variables:
JAVA_HOME=C:\Program Files\Java\jdk1.8.0_131
USERNAME=pedro
OS=Windows_NT
PROCESSOR_IDENTIFIER=Intel64 Family 6 Model 61 Stepping 4, GenuineIntel



---------------  S Y S T E M  ---------------

OS: Windows 10.0 , 64 bit Build 15063 (10.0.15063.296)

CPU:total 4 (initial active 4) (2 cores per cpu, 2 threads per core) family 6 model 61 stepping 4, cmov, cx8, fxsr, mmx, sse, sse2, sse3, ssse3, sse4.1, sse4.2, popcnt, avx, avx2, aes, clmul, erms, 3dnowpref, lzcnt, ht, tsc, tscinvbit, bmi1, bmi2, adx

Memory: 4k page, physical 8301008k(714120k free), swap 8301008k(5168k free)

vm_info: Java HotSpot(TM) 64-Bit Server VM (25.131-b11) for windows-amd64 JRE (1.8.0_131-b11), built on Mar 15 2017 01:23:53 by "java_re" with MS VC++ 10.0 (VS2010)

time: Wed Nov 01 10:55:18 2017
elapsed time: 154 seconds (0d 0h 2m 34s)

